<?xml version="1.0" encoding="UTF-8" ?>
<testsuite tests="6" failures="0" name="com.itguigu.mybatis.test.ParameterMapperTest" time="6.088" errors="1" skipped="0">
  <properties>
[...]
</properties>
  <testcase classname="com.itguigu.mybatis.test.ParameterMapperTest" name="testCheckUserPwdMap" time="5.237"/>
  <testcase classname="com.itguigu.mybatis.test.ParameterMapperTest" name="testGetUserByName" time="0.131"/>
  <testcase classname="com.itguigu.mybatis.test.ParameterMapperTest" name="testGetAllUser" time="0.154"/>
  <testcase classname="com.itguigu.mybatis.test.ParameterMapperTest" name="testInsertUser" time="0.294"/>
  <testcase classname="com.itguigu.mybatis.test.ParameterMapperTest" name="testCheckUserPwd" time="0.123"/>
  <testcase classname="com.itguigu.mybatis.test.ParameterMapperTest" name="testCheckUserPwdByParam" time="0.149">
    <error message="Expected one result (or null) to be returned by selectOne(), but found: 3" type="org.apache.ibatis.exceptions.TooManyResultsException">org.apache.ibatis.exceptions.TooManyResultsException: Expected one result (or null) to be returned by selectOne(), but found: 3
	at org.apache.ibatis.session.defaults.DefaultSqlSession.selectOne(DefaultSqlSession.java:80)
	at org.apache.ibatis.binding.MapperMethod.execute(MapperMethod.java:87)
	at org.apache.ibatis.binding.MapperProxy$PlainMethodInvoker.invoke(MapperProxy.java:145)
	at org.apache.ibatis.binding.MapperProxy.invoke(MapperProxy.java:86)
	at com.sun.proxy.$Proxy6.checkUserPwdByParam(Unknown Source)
	at com.itguigu.mybatis.test.ParameterMapperTest.testCheckUserPwdByParam(ParameterMapperTest.java:96)
	at sun.reflect.NativeMethodAccessorImpl.invoke0(Native Method)
	at sun.reflect.NativeMethodAccessorImpl.invoke(NativeMethodAccessorImpl.java:62)
	at sun.reflect.DelegatingMethodAccessorImpl.invoke(DelegatingMethodAccessorImpl.java:43)
	at java.lang.reflect.Method.invoke(Method.java:498)
	at org.junit.runners.model.FrameworkMethod$1.runReflectiveCall(FrameworkMethod.java:50)
	at org.junit.internal.runners.model.ReflectiveCallable.run(ReflectiveCallable.java:12)
	at org.junit.runners.model.FrameworkMethod.invokeExplosively(FrameworkMethod.java:47)
	at org.junit.internal.runners.statements.InvokeMethod.evaluate(InvokeMethod.java:17)
	at org.junit.runners.ParentRunner.runLeaf(ParentRunner.java:325)
	at org.junit.runners.BlockJUnit4ClassRunner.runChild(BlockJUnit4ClassRunner.java:78)
	at org.junit.runners.BlockJUnit4ClassRunner.runChild(BlockJUnit4ClassRunner.java:57)
	at org.junit.runners.ParentRunner$3.run(ParentRunner.java:290)
	at org.junit.runners.ParentRunner$1.schedule(ParentRunner.java:71)
	at org.junit.runners.ParentRunner.runChildren(ParentRunner.java:288)
	at org.junit.runners.ParentRunner.access$000(ParentRunner.java:58)
	at org.junit.runners.ParentRunner$2.evaluate(ParentRunner.java:268)
	at org.junit.runners.ParentRunner.run(ParentRunner.java:363)
	at org.apache.maven.surefire.junit4.JUnit4Provider.execute(JUnit4Provider.java:252)
	at org.apache.maven.surefire.junit4.JUnit4Provider.executeTestSet(JUnit4Provider.java:141)
	at org.apache.maven.surefire.junit4.JUnit4Provider.invoke(JUnit4Provider.java:112)
	at sun.reflect.NativeMethodAccessorImpl.invoke0(Native Method)
	at sun.reflect.NativeMethodAccessorImpl.invoke(NativeMethodAccessorImpl.java:62)
	at sun.reflect.DelegatingMethodAccessorImpl.invoke(DelegatingMethodAccessorImpl.java:43)
	at java.lang.reflect.Method.invoke(Method.java:498)
	at org.apache.maven.surefire.util.ReflectionUtils.invokeMethodWithArray(ReflectionUtils.java:189)
	at org.apache.maven.surefire.booter.ProviderFactory$ProviderProxy.invoke(ProviderFactory.java:165)
	at org.apache.maven.surefire.booter.ProviderFactory.invokeProvider(ProviderFactory.java:85)
	at org.apache.maven.surefire.booter.ForkedBooter.runSuitesInProcess(ForkedBooter.java:115)
	at org.apache.maven.surefire.booter.ForkedBooter.main(ForkedBooter.java:75)
</error>
    <system-out>DEBUG 07-06 13:11:39,955 ==&gt;  Preparing: select * from t_user where username = ? and password = ? (BaseJdbcLogger.java:137) 
DEBUG 07-06 13:11:39,957 ==&gt; Parameters: ZLP(String), 123456(String) (BaseJdbcLogger.java:137) 
DEBUG 07-06 13:11:39,964 &lt;==      Total: 3 (BaseJdbcLogger.java:137) 
</system-out>
  </testcase>
</testsuite>